# JRE version: Java(TM) SE Runtime Environment (8.0_191-b12) (build 1.8.0_191-b12)
# Java VM: Java HotSpot(TM) 64-Bit Server VM (25.191-b12 mixed mode windows-amd64 compressed oops)
Heap:
 PSYoungGen      total 258048K, used 35158K [0x000000076b500000, 0x000000077f100000, 0x00000007c0000000)
  eden space 244736K, 8% used [0x000000076b500000,0x000000076ca5d9c0,0x000000077a400000)
  from space 13312K, 99% used [0x000000077c200000,0x000000077cef8010,0x000000077cf00000)
  to   space 30720K, 0% used [0x000000077a400000,0x000000077a400000,0x000000077c200000)
 ParOldGen       total 175104K, used 113559K [0x00000006c1e00000, 0x00000006cc900000, 0x000000076b500000)
  object space 175104K, 64% used [0x00000006c1e00000,0x00000006c8ce5e60,0x00000006cc900000)
 Metaspace       used 7520K, capacity 7723K, committed 8064K, reserved 1056768K
  class space    used 720K, capacity 794K, committed 896K, reserved 1048576K
GC Heap History (10 events):
Event: 114.260 GC heap before
{Heap before GC invocations=2 (full 0):
 PSYoungGen      total 76288K, used 75079K [0x000000076b500000, 0x0000000770a00000, 0x00000007c0000000)
  eden space 65536K, 100% used [0x000000076b500000,0x000000076f500000,0x000000076f500000)
  from space 10752K, 88% used [0x000000076f500000,0x000000076fe51c38,0x000000076ff80000)
  to   space 10752K, 0% used [0x000000076ff80000,0x000000076ff80000,0x0000000770a00000)
 ParOldGen       total 175104K, used 3823K [0x00000006c1e00000, 0x00000006cc900000, 0x000000076b500000)
  object space 175104K, 2% used [0x00000006c1e00000,0x00000006c21bbdc0,0x00000006cc900000)
 Metaspace       used 7336K, capacity 7531K, committed 7808K, reserved 1056768K
  class space    used 714K, capacity 794K, committed 896K, reserved 1048576K
Event: 114.266 GC heap after
Heap after GC invocations=2 (full 0):
 PSYoungGen      total 76288K, used 1376K [0x000000076b500000, 0x0000000770a00000, 0x00000007c0000000)
  eden space 65536K, 0% used [0x000000076b500000,0x000000076b500000,0x000000076f500000)
  from space 10752K, 12% used [0x000000076ff80000,0x00000007700d8020,0x0000000770a00000)
  to   space 10752K, 0% used [0x000000076f500000,0x000000076f500000,0x000000076ff80000)
 ParOldGen       total 175104K, used 33831K [0x00000006c1e00000, 0x00000006cc900000, 0x000000076b500000)
  object space 175104K, 19% used [0x00000006c1e00000,0x00000006c3f09df0,0x00000006cc900000)
 Metaspace       used 7336K, capacity 7531K, committed 7808K, reserved 1056768K
  class space    used 714K, capacity 794K, committed 896K, reserved 1048576K
}
Event: 114.632 GC heap before
{Heap before GC invocations=3 (full 0):
 PSYoungGen      total 76288K, used 66912K [0x000000076b500000, 0x0000000770a00000, 0x00000007c0000000)
  eden space 65536K, 100% used [0x000000076b500000,0x000000076f500000,0x000000076f500000)
  from space 10752K, 12% used [0x000000076ff80000,0x00000007700d8020,0x0000000770a00000)
  to   space 10752K, 0% used [0x000000076f500000,0x000000076f500000,0x000000076ff80000)
 ParOldGen       total 175104K, used 33831K [0x00000006c1e00000, 0x00000006cc900000, 0x000000076b500000)
  object space 175104K, 19% used [0x00000006c1e00000,0x00000006c3f09df0,0x00000006cc900000)
 Metaspace       used 7337K, capacity 7531K, committed 7808K, reserved 1056768K
  class space    used 714K, capacity 794K, committed 896K, reserved 1048576K
Event: 114.638 GC heap after
Heap after GC invocations=3 (full 0):
 PSYoungGen      total 76288K, used 10392K [0x000000076b500000, 0x0000000774a00000, 0x00000007c0000000)
  eden space 65536K, 0% used [0x000000076b500000,0x000000076b500000,0x000000076f500000)
  from space 10752K, 96% used [0x000000076f500000,0x000000076ff26020,0x000000076ff80000)
  to   space 10752K, 0% used [0x0000000773f80000,0x0000000773f80000,0x0000000774a00000)
 ParOldGen       total 175104K, used 51831K [0x00000006c1e00000, 0x00000006cc900000, 0x000000076b500000)
  object space 175104K, 29% used [0x00000006c1e00000,0x00000006c509de10,0x00000006cc900000)
 Metaspace       used 7337K, capacity 7531K, committed 7808K, reserved 1056768K
  class space    used 714K, capacity 794K, committed 896K, reserved 1048576K
}
Event: 114.948 GC heap before
{Heap before GC invocations=4 (full 0):
 PSYoungGen      total 76288K, used 75928K [0x000000076b500000, 0x0000000774a00000, 0x00000007c0000000)
  eden space 65536K, 100% used [0x000000076b500000,0x000000076f500000,0x000000076f500000)
  from space 10752K, 96% used [0x000000076f500000,0x000000076ff26020,0x000000076ff80000)
  to   space 10752K, 0% used [0x0000000773f80000,0x0000000773f80000,0x0000000774a00000)
 ParOldGen       total 175104K, used 51831K [0x00000006c1e00000, 0x00000006cc900000, 0x000000076b500000)
  object space 175104K, 29% used [0x00000006c1e00000,0x00000006c509de10,0x00000006cc900000)
 Metaspace       used 7393K, capacity 7531K, committed 7808K, reserved 1056768K
  class space    used 714K, capacity 794K, committed 896K, reserved 1048576K
Event: 114.953 GC heap after
Heap after GC invocations=4 (full 0):
 PSYoungGen      total 141824K, used 5751K [0x000000076b500000, 0x0000000774a00000, 0x00000007c0000000)
  eden space 131072K, 0% used [0x000000076b500000,0x000000076b500000,0x0000000773500000)
  from space 10752K, 53% used [0x0000000773f80000,0x000000077451def0,0x0000000774a00000)
  to   space 10752K, 0% used [0x0000000773500000,0x0000000773500000,0x0000000773f80000)
 ParOldGen       total 175104K, used 51839K [0x00000006c1e00000, 0x00000006cc900000, 0x000000076b500000)
  object space 175104K, 29% used [0x00000006c1e00000,0x00000006c509fe10,0x00000006cc900000)
 Metaspace       used 7393K, capacity 7531K, committed 7808K, reserved 1056768K
  class space    used 714K, capacity 794K, committed 896K, reserved 1048576K
}
Event: 115.622 GC heap before
{Heap before GC invocations=5 (full 0):
 PSYoungGen      total 141824K, used 122864K [0x000000076b500000, 0x0000000774a00000, 0x00000007c0000000)
  eden space 131072K, 89% used [0x000000076b500000,0x000000077275e478,0x0000000773500000)
  from space 10752K, 53% used [0x0000000773f80000,0x000000077451def0,0x0000000774a00000)
  to   space 10752K, 0% used [0x0000000773500000,0x0000000773500000,0x0000000773f80000)
 ParOldGen       total 175104K, used 51839K [0x00000006c1e00000, 0x00000006cc900000, 0x000000076b500000)
  object space 175104K, 29% used [0x00000006c1e00000,0x00000006c509fe10,0x00000006cc900000)
 Metaspace       used 7465K, capacity 7595K, committed 7808K, reserved 1056768K
  class space    used 719K, capacity 794K, committed 896K, reserved 1048576K
Event: 115.631 GC heap after
Heap after GC invocations=5 (full 0):
 PSYoungGen      total 141824K, used 1328K [0x000000076b500000, 0x000000077cf00000, 0x00000007c0000000)
  eden space 131072K, 0% used [0x000000076b500000,0x000000076b500000,0x0000000773500000)
  from space 10752K, 12% used [0x0000000773500000,0x000000077364c010,0x0000000773f80000)
  to   space 13312K, 0% used [0x000000077c200000,0x000000077c200000,0x000000077cf00000)
 ParOldGen       total 175104K, used 88711K [0x00000006c1e00000, 0x00000006cc900000, 0x000000076b500000)
  object space 175104K, 50% used [0x00000006c1e00000,0x00000006c74a1e40,0x00000006cc900000)
 Metaspace       used 7465K, capacity 7595K, committed 7808K, reserved 1056768K
  class space    used 719K, capacity 794K, committed 896K, reserved 1048576K
}
Event: 116.228 GC heap before
{Heap before GC invocations=6 (full 0):
 PSYoungGen      total 141824K, used 126077K [0x000000076b500000, 0x000000077cf00000, 0x00000007c0000000)
  eden space 131072K, 95% used [0x000000076b500000,0x0000000772ed3468,0x0000000773500000)
  from space 10752K, 12% used [0x0000000773500000,0x000000077364c010,0x0000000773f80000)
  to   space 13312K, 0% used [0x000000077c200000,0x000000077c200000,0x000000077cf00000)
 ParOldGen       total 175104K, used 88711K [0x00000006c1e00000, 0x00000006cc900000, 0x000000076b500000)
  object space 175104K, 50% used [0x00000006c1e00000,0x00000006c74a1e40,0x00000006cc900000)
 Metaspace       used 7465K, capacity 7595K, committed 7808K, reserved 1056768K
  class space    used 719K, capacity 794K, committed 896K, reserved 1048576K
Event: 116.238 GC heap after
Heap after GC invocations=6 (full 0):
 PSYoungGen      total 258048K, used 13280K [0x000000076b500000, 0x000000077f100000, 0x00000007c0000000)
  eden space 244736K, 0% used [0x000000076b500000,0x000000076b500000,0x000000077a400000)
  from space 13312K, 99% used [0x000000077c200000,0x000000077cef8010,0x000000077cf00000)
  to   space 30720K, 0% used [0x000000077a400000,0x000000077a400000,0x000000077c200000)
 ParOldGen       total 175104K, used 113559K [0x00000006c1e00000, 0x00000006cc900000, 0x000000076b500000)
  object space 175104K, 64% used [0x00000006c1e00000,0x00000006c8ce5e60,0x00000006cc900000)
 Metaspace       used 7465K, capacity 7595K, committed 7808K, reserved 1056768K
  class space    used 719K, capacity 794K, committed 896K, reserved 1048576K
}

